youtube GQHDTxdmkgY
youtube ekQOoDqnoMw
youtube 6rmZFQSYF6I
youtube U5NcxdVjawU
youtube 5FmsJ52mbXs
youtube 3NrIhiMQ-Pk
youtube tm1FYvIyHZU
youtube CfQOwWsI_AE
youtube 5GDJEJCz7uo
youtube 9O91j-gnfdk
youtube neSWv4ePYxc
youtube R-brAWp2BEA
youtube 4F-YGfpeSjM
youtube 6PvmrlDJT-8
youtube 4VpNsD6o5KE
youtube PuKmGp9g8gY
youtube w2aGAA14uxc
youtube YcRFvjs55sc
youtube MM2rA90PkQ8
youtube GjwWzLRz2Ks
youtube un6j6NbxmHg
youtube VPk1OPG0It0
youtube 7gXyjjHWsUQ
youtube skElhXGDpqU
youtube N8_YVPoT2ug
youtube CdvneAENhF0
youtube 5iVjdy5yolc
youtube -h76WBRJn7M
youtube ymIdoz_N9Co
youtube k6kRpdnfsQk
youtube -y_3fAiuOGo
